  Base.cpp
  Bullet.cpp
C:\Users\ユザ\Desktop\GC1\I_team\Iteam3\Project\GameProject\Game\Bullet.cpp(18,35): warning C4244: '引数': 'double' から 'float' への変換です。データが失われる可能性があります。
C:\Users\ユザ\Desktop\GC1\I_team\Iteam3\Project\GameProject\Game\Bullet.cpp(18,23): warning C4244: '引数': 'double' から 'float' への変換です。データが失われる可能性があります。
  Enemy.cpp
C:\Users\ユザ\Desktop\GC1\I_team\Iteam3\Project\GameProject\Game\Enemy.cpp(23,16): warning C4244: '=': 'double' から 'float' への変換です。データが失われる可能性があります。
  Map.cpp
C:\Users\ユザ\Desktop\GC1\I_team\Iteam3\Project\GameProject\Game\Map.cpp(40,36): warning C4244: '引数': 'int' から 'float' への変換です。データが失われる可能性があります。
C:\Users\ユザ\Desktop\GC1\I_team\Iteam3\Project\GameProject\Game\Map.cpp(40,21): warning C4244: '引数': 'int' から 'float' への変換です。データが失われる可能性があります。
C:\Users\ユザ\Desktop\GC1\I_team\Iteam3\Project\GameProject\Game\Map.cpp(44,48): warning C4244: '引数': 'int' から 'float' への変換です。データが失われる可能性があります。
C:\Users\ユザ\Desktop\GC1\I_team\Iteam3\Project\GameProject\Game\Map.cpp(44,30): warning C4244: '引数': 'int' から 'float' への変換です。データが失われる可能性があります。
C:\Users\ユザ\Desktop\GC1\I_team\Iteam3\Project\GameProject\Game\Map.cpp(53,10): warning C4244: '初期化中': 'float' から 'int' への変換です。データが失われる可能性があります。
C:\Users\ユザ\Desktop\GC1\I_team\Iteam3\Project\GameProject\Game\Map.cpp(58,10): warning C4244: '初期化中': 'float' から 'int' への変換です。データが失われる可能性があります。
  Player.cpp
C:\Users\ユザ\Desktop\GC1\I_team\Iteam3\Project\GameProject\Game\Player.cpp(38,15): warning C4244: '=': 'double' から 'float' への変換です。データが失われる可能性があります。
  main.cpp
C:\Users\ユザ\Desktop\GC1\I_team\Iteam3\Project\GameProject\main.cpp(104,42): warning C4244: '引数': 'int' から 'float' への変換です。データが失われる可能性があります。
C:\Users\ユザ\Desktop\GC1\I_team\Iteam3\Project\GameProject\main.cpp(104,39): warning C4244: '引数': 'int' から 'float' への変換です。データが失われる可能性があります。
  コードを生成中...
GLFW.lib(init.obj) : warning LNK4099: PDB 'GLFW.pdb' が 'GLFW.lib(init.obj)' で、または 'C:\Users\ユザ\Desktop\GC1\I_team\Iteam3\Game\GLFW.pdb' に見つかりません。デバッグ情報がないものとして、オブジェクトにリンクします。
GLFW.lib(window.obj) : warning LNK4099: PDB 'GLFW.pdb' が 'GLFW.lib(window.obj)' で、または 'C:\Users\ユザ\Desktop\GC1\I_team\Iteam3\Game\GLFW.pdb' に見つかりません。デバッグ情報がないものとして、オブジェクトにリンクします。
GLFW.lib(input.obj) : warning LNK4099: PDB 'GLFW.pdb' が 'GLFW.lib(input.obj)' で、または 'C:\Users\ユザ\Desktop\GC1\I_team\Iteam3\Game\GLFW.pdb' に見つかりません。デバッグ情報がないものとして、オブジェクトにリンクします。
GLFW.lib(context.obj) : warning LNK4099: PDB 'GLFW.pdb' が 'GLFW.lib(context.obj)' で、または 'C:\Users\ユザ\Desktop\GC1\I_team\Iteam3\Game\GLFW.pdb' に見つかりません。デバッグ情報がないものとして、オブジェクトにリンクします。
GLFW.lib(win32_init.obj) : warning LNK4099: PDB 'GLFW.pdb' が 'GLFW.lib(win32_init.obj)' で、または 'C:\Users\ユザ\Desktop\GC1\I_team\Iteam3\Game\GLFW.pdb' に見つかりません。デバッグ情報がないものとして、オブジェクトにリンクします。
GLFW.lib(win32_monitor.obj) : warning LNK4099: PDB 'GLFW.pdb' が 'GLFW.lib(win32_monitor.obj)' で、または 'C:\Users\ユザ\Desktop\GC1\I_team\Iteam3\Game\GLFW.pdb' に見つかりません。デバッグ情報がないものとして、オブジェクトにリンクします。
GLFW.lib(win32_time.obj) : warning LNK4099: PDB 'GLFW.pdb' が 'GLFW.lib(win32_time.obj)' で、または 'C:\Users\ユザ\Desktop\GC1\I_team\Iteam3\Game\GLFW.pdb' に見つかりません。デバッグ情報がないものとして、オブジェクトにリンクします。
GLFW.lib(monitor.obj) : warning LNK4099: PDB 'GLFW.pdb' が 'GLFW.lib(monitor.obj)' で、または 'C:\Users\ユザ\Desktop\GC1\I_team\Iteam3\Game\GLFW.pdb' に見つかりません。デバッグ情報がないものとして、オブジェクトにリンクします。
GLFW.lib(vulkan.obj) : warning LNK4099: PDB 'GLFW.pdb' が 'GLFW.lib(vulkan.obj)' で、または 'C:\Users\ユザ\Desktop\GC1\I_team\Iteam3\Game\GLFW.pdb' に見つかりません。デバッグ情報がないものとして、オブジェクトにリンクします。
GLFW.lib(win32_window.obj) : warning LNK4099: PDB 'GLFW.pdb' が 'GLFW.lib(win32_window.obj)' で、または 'C:\Users\ユザ\Desktop\GC1\I_team\Iteam3\Game\GLFW.pdb' に見つかりません。デバッグ情報がないものとして、オブジェクトにリンクします。
GLFW.lib(win32_tls.obj) : warning LNK4099: PDB 'GLFW.pdb' が 'GLFW.lib(win32_tls.obj)' で、または 'C:\Users\ユザ\Desktop\GC1\I_team\Iteam3\Game\GLFW.pdb' に見つかりません。デバッグ情報がないものとして、オブジェクトにリンクします。
GLFW.lib(win32_joystick.obj) : warning LNK4099: PDB 'GLFW.pdb' が 'GLFW.lib(win32_joystick.obj)' で、または 'C:\Users\ユザ\Desktop\GC1\I_team\Iteam3\Game\GLFW.pdb' に見つかりません。デバッグ情報がないものとして、オブジェクトにリンクします。
GLFW.lib(wgl_context.obj) : warning LNK4099: PDB 'GLFW.pdb' が 'GLFW.lib(wgl_context.obj)' で、または 'C:\Users\ユザ\Desktop\GC1\I_team\Iteam3\Game\GLFW.pdb' に見つかりません。デバッグ情報がないものとして、オブジェクトにリンクします。
  glew.lib(glew.obj) : MSIL .netmodule または /GL を伴ってコンパイルされたモジュールが見つかりました。/LTCG を使用して再開始してください。リンカーのパフォーマンスを向上させるためには、コマンドラインに /LTCG を追加してください。
GLFW.lib(egl_context.obj) : warning LNK4099: PDB 'GLFW.pdb' が 'GLFW.lib(egl_context.obj)' で、または 'C:\Users\ユザ\Desktop\GC1\I_team\Iteam3\Game\GLFW.pdb' に見つかりません。デバッグ情報がないものとして、オブジェクトにリンクします。
LINK : warning LNK4075: /INCREMENTAL は /LTCG の指定によって無視されます。
     ライブラリ C:\Users\ユザ\Desktop\GC1\I_team\Iteam3\Project\/../Game/GameProject.lib とオブジェクト C:\Users\ユザ\Desktop\GC1\I_team\Iteam3\Project\/../Game/GameProject.exp を作成中
LINK : warning LNK4098: defaultlib 'LIBCMT' は他のライブラリの使用と競合しています。/NODEFAULTLIB:library を使用してください。
  コード生成しています。
  コード生成が終了しました。
GLFW.lib(init.obj) : warning LNK4099: PDB 'GLFW.pdb' が 'GLFW.lib(init.obj)' で、または 'C:\Users\ユザ\Desktop\GC1\I_team\Iteam3\Game\GLFW.pdb' に見つかりません。デバッグ情報がないものとして、オブジェクトにリンクします。
GLFW.lib(window.obj) : warning LNK4099: PDB 'GLFW.pdb' が 'GLFW.lib(window.obj)' で、または 'C:\Users\ユザ\Desktop\GC1\I_team\Iteam3\Game\GLFW.pdb' に見つかりません。デバッグ情報がないものとして、オブジェクトにリンクします。
GLFW.lib(input.obj) : warning LNK4099: PDB 'GLFW.pdb' が 'GLFW.lib(input.obj)' で、または 'C:\Users\ユザ\Desktop\GC1\I_team\Iteam3\Game\GLFW.pdb' に見つかりません。デバッグ情報がないものとして、オブジェクトにリンクします。
GLFW.lib(context.obj) : warning LNK4099: PDB 'GLFW.pdb' が 'GLFW.lib(context.obj)' で、または 'C:\Users\ユザ\Desktop\GC1\I_team\Iteam3\Game\GLFW.pdb' に見つかりません。デバッグ情報がないものとして、オブジェクトにリンクします。
GLFW.lib(win32_init.obj) : warning LNK4099: PDB 'GLFW.pdb' が 'GLFW.lib(win32_init.obj)' で、または 'C:\Users\ユザ\Desktop\GC1\I_team\Iteam3\Game\GLFW.pdb' に見つかりません。デバッグ情報がないものとして、オブジェクトにリンクします。
GLFW.lib(win32_monitor.obj) : warning LNK4099: PDB 'GLFW.pdb' が 'GLFW.lib(win32_monitor.obj)' で、または 'C:\Users\ユザ\Desktop\GC1\I_team\Iteam3\Game\GLFW.pdb' に見つかりません。デバッグ情報がないものとして、オブジェクトにリンクします。
GLFW.lib(win32_time.obj) : warning LNK4099: PDB 'GLFW.pdb' が 'GLFW.lib(win32_time.obj)' で、または 'C:\Users\ユザ\Desktop\GC1\I_team\Iteam3\Game\GLFW.pdb' に見つかりません。デバッグ情報がないものとして、オブジェクトにリンクします。
GLFW.lib(monitor.obj) : warning LNK4099: PDB 'GLFW.pdb' が 'GLFW.lib(monitor.obj)' で、または 'C:\Users\ユザ\Desktop\GC1\I_team\Iteam3\Game\GLFW.pdb' に見つかりません。デバッグ情報がないものとして、オブジェクトにリンクします。
GLFW.lib(vulkan.obj) : warning LNK4099: PDB 'GLFW.pdb' が 'GLFW.lib(vulkan.obj)' で、または 'C:\Users\ユザ\Desktop\GC1\I_team\Iteam3\Game\GLFW.pdb' に見つかりません。デバッグ情報がないものとして、オブジェクトにリンクします。
GLFW.lib(win32_window.obj) : warning LNK4099: PDB 'GLFW.pdb' が 'GLFW.lib(win32_window.obj)' で、または 'C:\Users\ユザ\Desktop\GC1\I_team\Iteam3\Game\GLFW.pdb' に見つかりません。デバッグ情報がないものとして、オブジェクトにリンクします。
GLFW.lib(win32_tls.obj) : warning LNK4099: PDB 'GLFW.pdb' が 'GLFW.lib(win32_tls.obj)' で、または 'C:\Users\ユザ\Desktop\GC1\I_team\Iteam3\Game\GLFW.pdb' に見つかりません。デバッグ情報がないものとして、オブジェクトにリンクします。
GLFW.lib(win32_joystick.obj) : warning LNK4099: PDB 'GLFW.pdb' が 'GLFW.lib(win32_joystick.obj)' で、または 'C:\Users\ユザ\Desktop\GC1\I_team\Iteam3\Game\GLFW.pdb' に見つかりません。デバッグ情報がないものとして、オブジェクトにリンクします。
GLFW.lib(wgl_context.obj) : warning LNK4099: PDB 'GLFW.pdb' が 'GLFW.lib(wgl_context.obj)' で、または 'C:\Users\ユザ\Desktop\GC1\I_team\Iteam3\Game\GLFW.pdb' に見つかりません。デバッグ情報がないものとして、オブジェクトにリンクします。
GLFW.lib(egl_context.obj) : warning LNK4099: PDB 'GLFW.pdb' が 'GLFW.lib(egl_context.obj)' で、または 'C:\Users\ユザ\Desktop\GC1\I_team\Iteam3\Game\GLFW.pdb' に見つかりません。デバッグ情報がないものとして、オブジェクトにリンクします。
alut.lib(alutInit.obj) : warning LNK4099: PDB 'alut.pdb' が 'alut.lib(alutInit.obj)' で、または 'C:\Users\ユザ\Desktop\GC1\I_team\Iteam3\Game\alut.pdb' に見つかりません。デバッグ情報がないものとして、オブジェクトにリンクします。
alut.lib(alutLoader.obj) : warning LNK4099: PDB 'alut.pdb' が 'alut.lib(alutLoader.obj)' で、または 'C:\Users\ユザ\Desktop\GC1\I_team\Iteam3\Game\alut.pdb' に見つかりません。デバッグ情報がないものとして、オブジェクトにリンクします。
alut.lib(alutError.obj) : warning LNK4099: PDB 'alut.pdb' が 'alut.lib(alutError.obj)' で、または 'C:\Users\ユザ\Desktop\GC1\I_team\Iteam3\Game\alut.pdb' に見つかりません。デバッグ情報がないものとして、オブジェクトにリンクします。
alut.lib(alutCodec.obj) : warning LNK4099: PDB 'alut.pdb' が 'alut.lib(alutCodec.obj)' で、または 'C:\Users\ユザ\Desktop\GC1\I_team\Iteam3\Game\alut.pdb' に見つかりません。デバッグ情報がないものとして、オブジェクトにリンクします。
alut.lib(alutInputStream.obj) : warning LNK4099: PDB 'alut.pdb' が 'alut.lib(alutInputStream.obj)' で、または 'C:\Users\ユザ\Desktop\GC1\I_team\Iteam3\Game\alut.pdb' に見つかりません。デバッグ情報がないものとして、オブジェクトにリンクします。
alut.lib(alutBufferData.obj) : warning LNK4099: PDB 'alut.pdb' が 'alut.lib(alutBufferData.obj)' で、または 'C:\Users\ユザ\Desktop\GC1\I_team\Iteam3\Game\alut.pdb' に見つかりません。デバッグ情報がないものとして、オブジェクトにリンクします。
alut.lib(alutUtil.obj) : warning LNK4099: PDB 'alut.pdb' が 'alut.lib(alutUtil.obj)' で、または 'C:\Users\ユザ\Desktop\GC1\I_team\Iteam3\Game\alut.pdb' に見つかりません。デバッグ情報がないものとして、オブジェクトにリンクします。
glew.lib(glew.obj) : warning LNK4099: PDB 'glew.pdb' が 'glew.lib(glew.obj)' で、または 'C:\Users\ユザ\Desktop\GC1\I_team\Iteam3\Game\glew.pdb' に見つかりません。デバッグ情報がないものとして、オブジェクトにリンクします。
glpngd.lib(glpng.obj) : warning LNK4099: PDB 'glpng.pdb' が 'glpngd.lib(glpng.obj)' で、または 'C:\Users\ユザ\Desktop\GC1\I_team\Iteam3\Game\glpng.pdb' に見つかりません。デバッグ情報がないものとして、オブジェクトにリンクします。
glpngd.lib(pngrtran.obj) : warning LNK4099: PDB 'glpng.pdb' が 'glpngd.lib(pngrtran.obj)' で、または 'C:\Users\ユザ\Desktop\GC1\I_team\Iteam3\Game\glpng.pdb' に見つかりません。デバッグ情報がないものとして、オブジェクトにリンクします。
glpngd.lib(png.obj) : warning LNK4099: PDB 'glpng.pdb' が 'glpngd.lib(png.obj)' で、または 'C:\Users\ユザ\Desktop\GC1\I_team\Iteam3\Game\glpng.pdb' に見つかりません。デバッグ情報がないものとして、オブジェクトにリンクします。
glpngd.lib(pngread.obj) : warning LNK4099: PDB 'glpng.pdb' が 'glpngd.lib(pngread.obj)' で、または 'C:\Users\ユザ\Desktop\GC1\I_team\Iteam3\Game\glpng.pdb' に見つかりません。デバッグ情報がないものとして、オブジェクトにリンクします。
glpngd.lib(pngget.obj) : warning LNK4099: PDB 'glpng.pdb' が 'glpngd.lib(pngget.obj)' で、または 'C:\Users\ユザ\Desktop\GC1\I_team\Iteam3\Game\glpng.pdb' に見つかりません。デバッグ情報がないものとして、オブジェクトにリンクします。
glpngd.lib(pngmem.obj) : warning LNK4099: PDB 'glpng.pdb' が 'glpngd.lib(pngmem.obj)' で、または 'C:\Users\ユザ\Desktop\GC1\I_team\Iteam3\Game\glpng.pdb' に見つかりません。デバッグ情報がないものとして、オブジェクトにリンクします。
glpngd.lib(pngtrans.obj) : warning LNK4099: PDB 'glpng.pdb' が 'glpngd.lib(pngtrans.obj)' で、または 'C:\Users\ユザ\Desktop\GC1\I_team\Iteam3\Game\glpng.pdb' に見つかりません。デバッグ情報がないものとして、オブジェクトにリンクします。
glpngd.lib(pngerror.obj) : warning LNK4099: PDB 'glpng.pdb' が 'glpngd.lib(pngerror.obj)' で、または 'C:\Users\ユザ\Desktop\GC1\I_team\Iteam3\Game\glpng.pdb' に見つかりません。デバッグ情報がないものとして、オブジェクトにリンクします。
glpngd.lib(crc32.obj) : warning LNK4099: PDB 'glpng.pdb' が 'glpngd.lib(crc32.obj)' で、または 'C:\Users\ユザ\Desktop\GC1\I_team\Iteam3\Game\glpng.pdb' に見つかりません。デバッグ情報がないものとして、オブジェクトにリンクします。
glpngd.lib(inflate.obj) : warning LNK4099: PDB 'glpng.pdb' が 'glpngd.lib(inflate.obj)' で、または 'C:\Users\ユザ\Desktop\GC1\I_team\Iteam3\Game\glpng.pdb' に見つかりません。デバッグ情報がないものとして、オブジェクトにリンクします。
glpngd.lib(pngrutil.obj) : warning LNK4099: PDB 'glpng.pdb' が 'glpngd.lib(pngrutil.obj)' で、または 'C:\Users\ユザ\Desktop\GC1\I_team\Iteam3\Game\glpng.pdb' に見つかりません。デバッグ情報がないものとして、オブジェクトにリンクします。
glpngd.lib(pngrio.obj) : warning LNK4099: PDB 'glpng.pdb' が 'glpngd.lib(pngrio.obj)' で、または 'C:\Users\ユザ\Desktop\GC1\I_team\Iteam3\Game\glpng.pdb' に見つかりません。デバッグ情報がないものとして、オブジェクトにリンクします。
glpngd.lib(zutil.obj) : warning LNK4099: PDB 'glpng.pdb' が 'glpngd.lib(zutil.obj)' で、または 'C:\Users\ユザ\Desktop\GC1\I_team\Iteam3\Game\glpng.pdb' に見つかりません。デバッグ情報がないものとして、オブジェクトにリンクします。
glpngd.lib(infblock.obj) : warning LNK4099: PDB 'glpng.pdb' が 'glpngd.lib(infblock.obj)' で、または 'C:\Users\ユザ\Desktop\GC1\I_team\Iteam3\Game\glpng.pdb' に見つかりません。デバッグ情報がないものとして、オブジェクトにリンクします。
glpngd.lib(adler32.obj) : warning LNK4099: PDB 'glpng.pdb' が 'glpngd.lib(adler32.obj)' で、または 'C:\Users\ユザ\Desktop\GC1\I_team\Iteam3\Game\glpng.pdb' に見つかりません。デバッグ情報がないものとして、オブジェクトにリンクします。
glpngd.lib(pngset.obj) : warning LNK4099: PDB 'glpng.pdb' が 'glpngd.lib(pngset.obj)' で、または 'C:\Users\ユザ\Desktop\GC1\I_team\Iteam3\Game\glpng.pdb' に見つかりません。デバッグ情報がないものとして、オブジェクトにリンクします。
glpngd.lib(infutil.obj) : warning LNK4099: PDB 'glpng.pdb' が 'glpngd.lib(infutil.obj)' で、または 'C:\Users\ユザ\Desktop\GC1\I_team\Iteam3\Game\glpng.pdb' に見つかりません。デバッグ情報がないものとして、オブジェクトにリンクします。
glpngd.lib(inftrees.obj) : warning LNK4099: PDB 'glpng.pdb' が 'glpngd.lib(inftrees.obj)' で、または 'C:\Users\ユザ\Desktop\GC1\I_team\Iteam3\Game\glpng.pdb' に見つかりません。デバッグ情報がないものとして、オブジェクトにリンクします。
glpngd.lib(infcodes.obj) : warning LNK4099: PDB 'glpng.pdb' が 'glpngd.lib(infcodes.obj)' で、または 'C:\Users\ユザ\Desktop\GC1\I_team\Iteam3\Game\glpng.pdb' に見つかりません。デバッグ情報がないものとして、オブジェクトにリンクします。
glpngd.lib(inffast.obj) : warning LNK4099: PDB 'glpng.pdb' が 'glpngd.lib(inffast.obj)' で、または 'C:\Users\ユザ\Desktop\GC1\I_team\Iteam3\Game\glpng.pdb' に見つかりません。デバッグ情報がないものとして、オブジェクトにリンクします。
LINK : warning LNK4286: シンボル 'alcCreateContext' ('OpenAL32.lib(ALc.obj)' で定義) が 'alut.lib(alutInit.obj)' によってインポートされています
LINK : warning LNK4286: シンボル 'alcMakeContextCurrent' ('OpenAL32.lib(ALc.obj)' で定義) が 'alut.lib(alutInit.obj)' によってインポートされています
LINK : warning LNK4286: シンボル 'alcDestroyContext' ('OpenAL32.lib(ALc.obj)' で定義) が 'alut.lib(alutInit.obj)' によってインポートされています
LINK : warning LNK4286: シンボル 'alcGetCurrentContext' ('OpenAL32.lib(ALc.obj)' で定義) が 'alut.lib(alutInit.obj)' によってインポートされています
LINK : warning LNK4286: シンボル 'alcGetContextsDevice' ('OpenAL32.lib(ALc.obj)' で定義) が 'alut.lib(alutInit.obj)' によってインポートされています
LINK : warning LNK4286: シンボル 'alcOpenDevice' ('OpenAL32.lib(ALc.obj)' で定義) が 'alut.lib(alutInit.obj)' によってインポートされています
LINK : warning LNK4286: シンボル 'alcCloseDevice' ('OpenAL32.lib(ALc.obj)' で定義) が 'alut.lib(alutInit.obj)' によってインポートされています
LINK : warning LNK4286: シンボル 'alcGetError' ('OpenAL32.lib(ALc.obj)' で定義) が 'alut.lib(alutInit.obj)' によってインポートされています
LINK : warning LNK4286: シンボル 'alGetError' ('OpenAL32.lib(alError.obj)' で定義) が 'alut.lib(alutInit.obj)' によってインポートされています
LINK : warning LNK4286: シンボル 'alGetError' ('OpenAL32.lib(alError.obj)' で定義) が 'alut.lib(alutBufferData.obj)' によってインポートされています
LINK : warning LNK4286: シンボル 'alGenBuffers' ('OpenAL32.lib(alBuffer.obj)' で定義) が 'alut.lib(alutBufferData.obj)' によってインポートされています
LINK : warning LNK4286: シンボル 'alBufferData' ('OpenAL32.lib(alBuffer.obj)' で定義) が 'alut.lib(alutBufferData.obj)' によってインポートされています
  GameProject.vcxproj -> C:\Users\ユザ\Desktop\GC1\I_team\Iteam3\Game\GameProject.exe
